000: 040900A4010000845904D3EA23BF3AB8
010: 20BA60B00018EA138595B880B960BA20
020: F8E3A11819EA2023FF3923BF3A238962
030: 551525BA11B82BB00018EA37B84DBA11
040: B0FF18EA40BA03B82BB94DBB10BCF0BE
050: 0FFB03F9E661FC391C0000080467FC39
060: EBFE390310AE0837AD40A0FD51A11819
070: EB510A375330E7268B4690AD40A0FD51
080: A1BFF900EF83EA470494BA43100479B9
090: 4380047BBA11B82BB93CF051A01819EA
0A0: 9ABA11B82BB94DF041A01819EAA7B82B
0B0: BA0FBD00A5F04DAD1850BB0867F6C6EB
0C0: BCEAB424A0BF76CCB504BF04B829B000
0D0: 0433EB23BF3ABA00BB00FBA3DAAAEBDA
0E0: 24D3FFFFFFFFFFFFFFFFFFFFFFFFFFFF
0F0: FFFFFFFFFFFFFFFFFFFFFFFFFFFFFFFF
100: B8216853B820F0ACB821F0ADB829B000
110: BB10B82BF0BA08F7F68BEA1718EB14B8
120: 2AF0C636B823B032B824B00023896255
130: B82AF0B829A0B820FCA0B821FDA0B822
140: FEA0246B17B920B83CF153F04768A8F1
150: 530F17AFF067EF55E667B84CF0B822D0
160: 53FE9671246B17B829B000866F0433C4
170: 00B820F0AC5482B92AF1C680FE4301AE
180: B823B00AB824B000242CEAB95EA12310
190: 376B37474A07AC54829401B95EF1241A
1A0: B82BB9A0F9E3F2B468A819F9E350A0B8
1B0: 2B1924A4BA11B82BB93CF0D15020A118
1C0: 19EABAB82BBA0FF01840EAC8C6D12404
1D0: 002445FBA3DAAAEBD3FBE3DAAAEBD944
1E0: F1FFFFFFFFFFFFFFFFFFFFFFFFFFFFFF
1F0: FFFFFFFFFFFFFFFFFFFFFFFFFFFFFFFF
200: E0F1A1A2815A51C1E240415857C3C552
210: 20445E47C65456E7E1C021534345C2E3
220: E4234624E525E6C4C759422648E82A4A
230: 8650CB3EECCAEB5DC8554E4B28E9494D
240: 22822BED7ECC833F3C4FC93A29EA5F4C
250: A0CD87EE7C7DCEEFA5F9B7A6B1A9B200
260: CFA37F00FC808584A8B9B3AAAEACFEF5
270: A4F7B0B4A7B5FAB8B600ADF300000000
280: 0000B94CF1AEA5B28AB5B900FC47530F
290: C69AAF23000308EF95A9FC530F6976A3
2A0: A344A4E32E92CCD2E02EAF53F8777777
2B0: B96069A9F12FA9530717ADFFF7EDBCF9
2C0: ADB92AF6C8B10083B10183FF2EAF039F
2D0: E6DC03E6F6DCFF53DF44DD43FF2E44A7
2E0: 2EAF53C0D34096EDFF531F44EEFF2E44
2F0: A9FBA3DAAAEBF184A5FFFFFFFFFFFFFF
300: D0F09192897A71C1D232617877C3C572
310: 20643667C67476D7D1C031736365C2D3
320: D4336634D535D6C4C779623768D8386A
330: 8E70CB2EDCCADB5BC8756E6B39D9696D
340: 278A3DDD60CC8B2F2C6FC93B30DA2D6C
350: 90CD8FDE5C7BCEDF95F8B796B199B200
360: CF937F00FB888D8C98B9B39AAEACFDF4
370: 94F6B0B497B5FAB8B600ADF200000000
380: FFFFFFFFFFFFFFFFFFFFFFFFFFFFFFFF
390: F9F9CF1FCF1FFFC00000000000000320
3A0: 0B7F0CF70F0D80FFFFFFFFFFFFFFFFFF
3B0: FFFFFFFFFFFFFFFFFFFFFFFFFFFFFFFF
3C0: FFFFFFFFFFFFFFFFFFFFFFFFFFFFFFFF
3D0: FFFFFFFFFFFFFFFFFFFFFFFFFFFFFFFF
3E0: FFFFFFFFFFFFFFFFFFFFFFFFFFFFFFFF
3F0: FFFFFFFFFFFFFFFFFFFFFFFFFFFFFFFF
400: B935941025B92AF1C60EFE4301AE8396
410: B6158419E89ABF8A40B95FB100FEBF08
420: 9A7F0000000000B90EE92967F6329A7F
430: 84368A800000EF26B910E93A8A80B913
440: E940B90CE944B95FF19651B101FD841E
450: 9AFDB65684589ABF83165BD5AA238962
460: 55B928B827F0C67307A0967AF1967A9A
470: BF847AF1C67A07A1B0FFB829F0C6A3B8
480: 23F096A1B924F1969AB100B005B822F0
490: AEB821F0AD941084A384B0FF07A184A3
4A0: B807A0FA93FBA3DAAAEBA5A476FFFFFF
4B0: FFFFFFFFFFFFFFFFFFFFFFFFFFFFFFFF
4C0: FFFFFFFFFFFFFFFFFFFFFFFFFFFFFFFF
4D0: FFFFFFFFFFFFFFFFFFFFFFFFFFFFFFFF
4E0: FFFFFFFFFFFFFFFFFFFFFFFFFFFFFFFF
4F0: FFFFFFFFFFFFFFFFFFFFFFFFFFFFFFFF
500: B81535D5AA27BB08BC0A00EC0A159786
510: 14A7A4170000006700BD0DED1B00EB0E
520: 7661AFD305C65BFFD301C63FFFD302C6
530: 43FFD303C649FF538FD304C64FA463B4
540: 69A463B95EB100A463B95EB101A4630A
550: 53F8A8FF537047483AA463A5B5B860A4
560: 63A018B92AB101FA93B927B119B928B1
570: 009ABF8A4083FBA3DAAAEB76C478FFFF
580: FFFFFFFFFFFFFFFFFFFFFFFFFFFFFFFF
590: FFFFFFFFFFFFFFFFFFFFFFFFFFFFFFFF
5A0: FFFFFFFFFFFFFFFFFFFFFFFFFFFFFFFF
5B0: FFFFFFFFFFFFFFFFFFFFFFFFFFFFFFFF
5C0: FFFFFFFFFFFFFFFFFFFFFFFFFFFFFFFF
5D0: FFFFFFFFFFFFFFFFFFFFFFFFFFFFFFFF
5E0: FFFFFFFFFFFFFFFFFFFFFFFFFFFFFFFF
5F0: FFFFFFFFFFFFFFFFFFFFFFFFFFFFFFFF
600: 35A5BA20B82AB000B825B000B826B007
610: B85EB001B618B000B825F0C63607A086
620: 1805B82AF0C622B0007643B85EF085C6
630: 329515250433B826F0C63207A0B825B0
640: FFC41F05B926B101B925B138F09665B9
650: 25F1C65807A1C44CB926F1C66907A1B9
660: 25B1FFC44CB000EA43B83CBA11B00018
670: EA6DB829B000C432FBA3DAAAEB78E400
680: FFFFFFFFFFFFFFFFFFFFFFFFFFFFFFFF
690: FFFFFFFFFFFFFFFFFFFFFFFFFFFFFFFF
6A0: FFFFFFFFFFFFFFFFFFFFFFFFFFFFFFFF
6B0: FFFFFFFFFFFFFFFFFFFFFFFFFFFFFFFF
6C0: FFFFFFFFFFFFFFFFFFFFFFFFFFFFFFFF
6D0: FFFFFFFFFFFFFFFFFFFFFFFFFFFFFFFF
6E0: FFFFFFFFFFFFFFFFFFFFFFFFFFFFFFFF
6F0: FFFFFFFFFFFFFFFFFFFFFFFFFFFFFFFF
700: FBA3DAAAEB00C60AE428B805B97B2300
710: A0035718E910B97BB8052300AAD09628
720: 18FA0357E91C040C9ABF8A40BDFFBEFF
730: 9410E428FFFFFFFFFFFFFFFFFFFFFFFF
740: FFFFFFFFFFFFFFFFFFFFFFFFFFFFFFFF
750: FFFFFFFFFFFFFFFFFFFFFFFFFFFFFFFF
760: FFFFFFFFFFFFFFFFFFFFFFFFFFFFFFFF
770: FFFFFFFFFFFFFFFFFFFFFFFFFFFFFFFF
780: FFFFFFFFFFFFFFFFFFFFFFFFFFFFFFFF
790: FFFFFFFFFFFFFFFFFFFFFFFFFFFFFFFF
7A0: FFFFFFFFFFFFFFFFFFFFFFFFFFFFFFFF
7B0: FFFFFFFFFFFFFFFFFFFFFFFFFFFFFFFF
7C0: FFFFFFFFFFFFFFFFFFFFFFFFFFFFFFFF
7D0: FFFFFFFFFFFFFFFFFFFFFFFFFFFFFFFF
7E0: FFFFFFFFFFFFFFFFFFFFFFFFFFFFFFFF
7F0: FFFFFFFFFFFFFFFFFFFFFFFFFFFFFFE9
