000: 040900A43700008447040CEA23BF3AB8
010: 20BA60B00018EA13B85DB000B878B960
020: BA20F8E3A11819EA22B85F23FF3999EF
030: 26E099DF26E499BF26E8B002B85DF0C6
040: 4B2300B960BA20A119EA4723FF3923FF
050: 3A238962551525BA10B82BB00018EA5B
060: B84BBA10B0FF18EA64BA03B82BB94BBB
070: 0FBCFEBEFEFB03F8E68897A7FC39FCF7
080: 2C0000080493040C23FF3997A7FE3AFE
090: F72E0837AD40A0FD51A11819EB7584A7
0A0: 040CBA10B82BB93BF051A01819EAA8BA
0B0: 10B82BB94BF041A01819EAB5B82BBA0E
0C0: BD00A5F04DAD1850BB0867F6D3EBCAEA
0D0: C224A576DAB504CD040CB829B0000457
0E0: B010043CB008043CB004043C040C0000
0F0: 00000000000000000000000000000000
100: B8216853B820F0ACB821F0ADB829B000
110: BB0FB82BF0BA08F7F690EA1718EB14B8
120: 2AF0C636B823B032B824B00023896255
130: B82AF0B829A0B820FCA0B821FDA0B822
140: FEA0246D040C17B920B83BF153F04768
150: A8F1530F17AFF067EF57E669B84AF0B8
160: 22D053FE9675246D17B829B000867104
170: 57C400040CB820F0AC547AB92AF1C684
180: FE4301AEB823B00AB824B000242C040C
190: B95BA1230F376B37474A07AC547A9400
1A0: B95BF1241AB85DF0C6C7BB60BA10B82B
1B0: B93BF1D0512FFBAC282D2B282F202D28
1C0: FCAB1B1918EAB2BA10B82BB93BF0D150
1D0: 20A11819EACDB85DF0C6DDC4796498B8
1E0: 2BBA0EF01840EAE4C6ED240400244704
1F0: 0C000000000000000000000000000000
200: FFB6BCE42452465620B2BEE525544742
210: C9B8A3E65E59484EFFB9F3E726554A4D
220: FFB7ACE82A494B3C86F7FFE9284F4C3E
230: 80AAFEEA29503A3F82A9A8EB5F7B2283
240: A2ABFFE0F181C6CDADAEFFE12151415A
250: A1B3F5E240575358AFB5BDE323454443
260: 84A7A6EC2B7DCF7FFAA5A4ED7E85FCF9
270: B087EFEE7CA0B4B10000B94AF1AEA5B2
280: 82B5B900FC47530FC692AF23000308EF
290: 8DA9FC530F69769DA3449E040CE32ED2
2A0: C52EAF53F8777777B96069A9F12FA953
2B0: 0717ADFFF7EDB4F9ADB92AF6C0B10083
2C0: B10183FF432EAF53C0D34096D4FF531F
2D0: 44D5040CFF2E44A1040C000000000000
2E0: 00000000000000000000000000000000
2F0: 00000000000000000000000000000000
300: FFB6BCD43472667620B2BED535746762
310: C8B893D63679686EFFB9F2D737756A6D
320: FFB79CD838696B2C8EF6FFD9396F6C2E
330: 889AFDDA30703B2F8A9998DB2D5B278B
340: 929BFFD0F089C6CC9D9EFFD13171617A
350: 91B3F4D2327773789FB5BDD333656463
360: 8C9796DC3D5DCE7FFA9594DD608DFBF8
370: B08FDFDE5C90B4B1FFFFFFFFFFFFFFFF
380: FFFFFFFFFFFFFFFFF9F9CF1FCF1FFFCE
390: 0000000000000320B84AF05320C6CEB8
3A0: 5FF0534096B123404020BE0023C4AD94
3B0: 00B84AF05340C6E2B85FF0538096CA23
3C0: 804020BE0023C2AD9400C4C5040CB85F
3D0: F05340C6B123BF5020BE0023C5AD9400
3E0: 64B1B85FF05380C6CA237F5020BE0023
3F0: C3AD9400C4C5040C040C000000000000
400: 35940E25B92AF1C60DFE4301AE83B95C
410: B100FEBF089A7F0000000000B90EE91E
420: 67F6279A7F842B8A800000EF1BB910E9
430: 2F8A80B913E935B90CE939B95CF19645
440: B101FD8413FD831649D5AA23896255B9
450: 28B827F0C65F07A09666F196668466F1
460: C66607A1B0FFB829F0C6A5B85FF05320
470: 96A5B823F096A3B924F1969DB100B005
480: B85DF09691B822F0AEB821F0AD940E84
490: A5B821F0AEB95CB101941284A5B0FF07
4A0: A184A507A0FA9323FF3A39230099FE46
4B0: DC890199FD46E0890299FB46E4890499
4C0: F746E88908AD53FFC6CCE4A140A0FD51
4D0: A1BFF900EFD3EADA04A2046B438084B1
4E0: 434084B7432084BD2DF8AFB85DF0C6F7
4F0: FFA82D431084C3FFA82D432084C30000
500: B8B85F23DF5020A492B85F23204020A4
510: 92B85DB000B85CB055A492040CB85DB0
520: 01B85CB0AAA492BEFFB85FF0F7F75378
530: 4304AD940EA4921535D5AA27BB08BC0A
540: 00EC401597864AA7A44D0000006700BD
550: 0DED5100EB447690AFD305C688FFD306
560: C601FFD307C609FFD308C627FFD309C6
570: 11FFD30AC61DFF53F8D310C67FA492FF
580: 530737B8FF90A492A5B5B860A492040C
590: A018B92AB101FA93B82BBA0FF01840EA
5A0: 9D96A7246D040CB829B000BB10B82BF0
5B0: BA08F7F6D0EAB218EBAFB821FEA0B829
5C0: B001B823B032B824B00023896255246D
5D0: B95BA12310376B37474A07AC8595F480
5E0: B4E7B95BF1A4B535B4EC2583B95CB101
5F0: 8412040C000000000000000000000000
600: 35A5BA20B82AB000B825B000B826B007
610: B825F0C63707A0861005B82AF0C61AB0
620: 007644B85C2355D0962C041C23AAD096
630: 33043C15250457B826F0C63307A0B825
640: B0FFC41705B926B101B925B138F09666
650: B925F1C65907A1C44DB926F1C66A07A1
660: B925B1FFC44DB000EA44B83BBA10B000
670: 18EA6EB829B000C433B860BA0FF01840
680: EA7EC6A2B83BBA0FF01840EA899693B8
690: 29B000BB10B860F0BA08F7F6A4EA9A18
6A0: EB97A498B95BA12310376B37474A07AC
6B0: B95ED196BBB100B929B10085F480B4E7
6C0: B95BF1C49DB84AF05380C6E2B85FF053
6D0: 01C6D524DF23014020BE0023C0AD9400
6E0: 24DFB85FF0530196EB24DF23FE5020BE
6F0: 0023C1AD940024DF040C000000000000
700: C04D4E3F0513212F3950534006142230
710: 3848664107152331C149634208162432
720: C2474543091725336473C4440A182634
730: 686275570B1927356B776C580C1A2865
740: 7037C63B010F3A554667C73C02101E2C
750: 6A51603D03111F2D544C4A3E0412202E
760: 697A79590D1B5653716E6D5A291C7678
770: 520E5C5B2B744B4FCCCDCECF2A361D61
780: B900FC47530FC690AF23000308EF8BA9
790: FC530F69A3B69B43802E83AEB95EFCA1
7A0: 83F8AFB82BF0185096B7F0185096B7FF
7B0: A8230084CC040CB000C8B000B84BB000
7C0: 18B00018B000E4AF040C000000000000
7D0: 00000000000000000000000000000000
7E0: 00000000000000000000000000000000
7F0: 00000000000000000000000000000000
